<?xml version="1.0" encoding="UTF-8"?>
<testng-results skipped="0" failed="0" ignored="0" total="1" passed="1">
  <reporter-output>
  </reporter-output>
  <suite name="Default suite" duration-ms="46271" started-at="2017-01-25T18:08:04Z" finished-at="2017-01-25T18:08:50Z">
    <groups>
    </groups>
    <test name="Default test" duration-ms="46271" started-at="2017-01-25T18:08:04Z" finished-at="2017-01-25T18:08:50Z">
      <class name="com.smoke.test.agileHatsProject.agileHatsSmokeTest">
        <test-method status="PASS" signature="beforeTest()[pri:0, instance:com.smoke.test.agileHatsProject.agileHatsSmokeTest@523884b2]" name="beforeTest" is-config="true" duration-ms="34394" started-at="2017-01-25T19:08:04Z" finished-at="2017-01-25T19:08:38Z">
          <reporter-output>
          </reporter-output>
        </test-method> <!-- beforeTest -->
        <test-method status="PASS" signature="Test()[pri:0, instance:com.smoke.test.agileHatsProject.agileHatsSmokeTest@523884b2]" name="Test" duration-ms="11735" started-at="2017-01-25T19:08:39Z" finished-at="2017-01-25T19:08:50Z">
          <reporter-output>
          </reporter-output>
        </test-method> <!-- Test -->
        <test-method status="PASS" signature="afterTest()[pri:0, instance:com.smoke.test.agileHatsProject.agileHatsSmokeTest@523884b2]" name="afterTest" is-config="true" duration-ms="0" started-at="2017-01-25T19:08:50Z" finished-at="2017-01-25T19:08:50Z">
          <reporter-output>
          </reporter-output>
        </test-method> <!-- afterTest -->
      </class> <!-- com.smoke.test.agileHatsProject.agileHatsSmokeTest -->
    </test> <!-- Default test -->
  </suite> <!-- Default suite -->
</testng-results>
